0 info it worked if it ends with ok
1 verbose cli [ 'C:\\Program Files\\nodejs\\node.exe',
1 verbose cli   'C:\\Program Files\\nodejs\\node_modules\\npm\\bin\\npm-cli.js',
1 verbose cli   'install',
1 verbose cli   'grunt' ]
2 info using npm@2.15.9
3 info using node@v4.5.0
4 verbose install initial load of C:\Project\XpressOrderForm\PrototypeArchitecture\package.json
5 verbose installManyTop reading scoped package data from C:\Project\XpressOrderForm\PrototypeArchitecture\node_modules\bower\package.json
6 verbose readDependencies loading dependencies from C:\Project\XpressOrderForm\PrototypeArchitecture\package.json
7 silly cache add args [ 'grunt', null ]
8 verbose cache add spec grunt
9 silly cache add parsed spec Result {
9 silly cache add   raw: 'grunt',
9 silly cache add   scope: null,
9 silly cache add   name: 'grunt',
9 silly cache add   rawSpec: '',
9 silly cache add   spec: 'latest',
9 silly cache add   type: 'tag' }
10 silly addNamed grunt@latest
11 verbose addNamed "latest" is being treated as a dist-tag for grunt
12 info addNameTag [ 'grunt', 'latest' ]
13 silly mapToRegistry name grunt
14 silly mapToRegistry using default registry
15 silly mapToRegistry registry https://registry.npmjs.org/
16 silly mapToRegistry data Result {
16 silly mapToRegistry   raw: 'grunt',
16 silly mapToRegistry   scope: null,
16 silly mapToRegistry   name: 'grunt',
16 silly mapToRegistry   rawSpec: '',
16 silly mapToRegistry   spec: 'latest',
16 silly mapToRegistry   type: 'tag' }
17 silly mapToRegistry uri https://registry.npmjs.org/grunt
18 verbose addNameTag registry:https://registry.npmjs.org/grunt not in flight; fetching
19 verbose request uri https://registry.npmjs.org/grunt
20 verbose request no auth needed
21 info attempt registry request try #1 at 13:54:32
22 verbose request id c7cf921adecee0c0
23 http request GET https://registry.npmjs.org/grunt
24 info retry will retry, error on last attempt: Error: tunneling socket could not be established, statusCode=407
25 info attempt registry request try #2 at 13:54:42
26 http request GET https://registry.npmjs.org/grunt
27 info retry will retry, error on last attempt: Error: tunneling socket could not be established, statusCode=407
28 info attempt registry request try #3 at 13:55:43
29 http request GET https://registry.npmjs.org/grunt
30 verbose stack Error: tunneling socket could not be established, statusCode=407
30 verbose stack     at ClientRequest.onConnect (C:\Program Files\nodejs\node_modules\npm\node_modules\request\node_modules\tunnel-agent\index.js:165:19)
30 verbose stack     at ClientRequest.g (events.js:260:16)
30 verbose stack     at emitThree (events.js:97:13)
30 verbose stack     at ClientRequest.emit (events.js:175:7)
30 verbose stack     at Socket.socketOnData (_http_client.js:354:11)
30 verbose stack     at emitOne (events.js:77:13)
30 verbose stack     at Socket.emit (events.js:169:7)
30 verbose stack     at readableAddChunk (_stream_readable.js:153:18)
30 verbose stack     at Socket.Readable.push (_stream_readable.js:111:10)
30 verbose stack     at TCP.onread (net.js:536:20)
31 verbose cwd C:\Project\XpressOrderForm\PrototypeArchitecture
32 error Windows_NT 6.1.7601
33 error argv "C:\\Program Files\\nodejs\\node.exe" "C:\\Program Files\\nodejs\\node_modules\\npm\\bin\\npm-cli.js" "install" "grunt"
34 error node v4.5.0
35 error npm  v2.15.9
36 error code ECONNRESET
37 error network tunneling socket could not be established, statusCode=407
37 error network This is most likely not a problem with npm itself
37 error network and is related to network connectivity.
37 error network In most cases you are behind a proxy or have bad network settings.
37 error network
37 error network If you are behind a proxy, please make sure that the
37 error network 'proxy' config is set properly.  See: 'npm help config'
38 verbose exit [ 1, true ]
